<?xml version="1.0" encoding="UTF-8"?>
<testsuites name="New Test Suite" time="39.225" tests="1" failures="0" errors="0">
   <testsuite name="New Test Suite" tests="1" failures="0" errors="0" time="39.225" skipped="0" timestamp="24-01-2025T18:14:14" hostname="Rajesh kasture - LAPTOP-9U10MB95" id="Test Suites/New Test Suite">
      <properties>
         <property name="deviceName" value=""/>
         <property name="devicePlatform"/>
         <property name="logFolder" value="C:\\Users\\Rajesh kasture\\git\\DemoWebProject\\DemoWebProject\\Reports\\20250124_181406\\New Test Suite\\20250124_181406"/>
         <property name="logFiles" value="C:\\Users\\Rajesh kasture\\git\\DemoWebProject\\DemoWebProject\\Reports\\20250124_181406\\New Test Suite\\20250124_181406\\execution0.log"/>
         <property name="attachments" value=""/>
         <property name="hostName" value="Rajesh kasture - LAPTOP-9U10MB95"/>
         <property name="os" value="Windows 11 64bit"/>
         <property name="katalonVersion" value="10.0.1.223"/>
         <property name="browser" value="Chrome 132.0.0.0"/>
         <property name="hostAddress" value="192.168.156.174"/>
         <property name="sessionId" value="453b4a88b229e3868b4eabe773db975f"/>
         <property name="seleniumVersion" value="4.22.0"/>
         <property name="proxyInformation" value="ProxyInformation { proxyOption=NO_PROXY, proxyServerType=HTTP, username=, password=********, proxyServerAddress=, proxyServerPort=0, executionList=&quot;&quot;, isApplyToDesiredCapabilities=true }"/>
         <property name="platform" value="Windows 11"/>
      </properties>
      <testcase name="Test Cases/LoginPage" time="38.778" classname="Test Cases/LoginPage" status="PASSED">
         <system-out><![CDATA[24-01-2025T18:14:14 - [TEST_CASE][PASSED] - Test Cases/LoginPage: Test Cases/LoginPage

24-01-2025T18:14:14 - [TEST_STEP][PASSED] - Start listener action : sampleBeforeTestCase: null

24-01-2025T18:14:14 - [TEST_STEP][PASSED] - println(testCaseContext.getTestCaseId()): null

24-01-2025T18:14:14 - [TEST_STEP][PASSED] - println(testCaseContext.getTestCaseVariables()): null

24-01-2025T18:14:14 - [TEST_STEP][PASSED] - println("Test case started"): null

24-01-2025T18:14:14 - [TEST_STEP][PASSED] - openBrowser(""): Browser is opened with url: ''

24-01-2025T18:14:15 - [MESSAGE][INFO] - Starting 'Chrome' driver

24-01-2025T18:14:16 - [MESSAGE][INFO] - Action delay is set to 0 milliseconds

24-01-2025T18:14:33 - [MESSAGE][PASSED] - Browser is opened with url: ''

24-01-2025T18:14:33 - [TEST_STEP][PASSED] - delay(2): Delayed 2 second(s)

24-01-2025T18:14:35 - [MESSAGE][PASSED] - Delayed 2 second(s)

24-01-2025T18:14:35 - [TEST_STEP][PASSED] - navigateToUrl("https://opensource-demo.orangehrmlive.com/web/index.php/auth/login"): Navigate to 'https://opensource-demo.orangehrmlive.com/web/index.php/auth/login' successfully

24-01-2025T18:14:40 - [MESSAGE][PASSED] - Navigate to 'https://opensource-demo.orangehrmlive.com/web/index.php/auth/login' successfully

24-01-2025T18:14:40 - [TEST_STEP][PASSED] - maximizeWindow(STOP_ON_FAILURE): Current window maximized

24-01-2025T18:14:40 - [MESSAGE][PASSED] - Current window maximized

24-01-2025T18:14:40 - [TEST_STEP][PASSED] - delay(2): Delayed 2 second(s)

24-01-2025T18:14:42 - [MESSAGE][PASSED] - Delayed 2 second(s)

24-01-2025T18:14:42 - [TEST_STEP][PASSED] - setText(findTestObject("LoginPage/Page_OrangeHRM/input_Username_username"), "Admin"): Text 'Admin' is set on object 'Object Repository/LoginPage/Page_OrangeHRM/input_Username_username'

24-01-2025T18:14:43 - [MESSAGE][PASSED] - Text 'Admin' is set on object 'Object Repository/LoginPage/Page_OrangeHRM/input_Username_username'

24-01-2025T18:14:43 - [TEST_STEP][PASSED] - delay(2): Delayed 2 second(s)

24-01-2025T18:14:45 - [MESSAGE][PASSED] - Delayed 2 second(s)

24-01-2025T18:14:45 - [TEST_STEP][PASSED] - setText(findTestObject("LoginPage/Page_OrangeHRM/input_Password_password"), "admin123"): Text 'admin123' is set on object 'Object Repository/LoginPage/Page_OrangeHRM/input_Password_password'

24-01-2025T18:14:46 - [MESSAGE][PASSED] - Text 'admin123' is set on object 'Object Repository/LoginPage/Page_OrangeHRM/input_Password_password'

24-01-2025T18:14:46 - [TEST_STEP][PASSED] - delay(2): Delayed 2 second(s)

24-01-2025T18:14:48 - [MESSAGE][PASSED] - Delayed 2 second(s)

24-01-2025T18:14:48 - [TEST_STEP][PASSED] - click(findTestObject("LoginPage/Page_OrangeHRM/button_Login")): Object: 'Object Repository/LoginPage/Page_OrangeHRM/button_Login' is clicked on

24-01-2025T18:14:51 - [MESSAGE][PASSED] - Object: 'Object Repository/LoginPage/Page_OrangeHRM/button_Login' is clicked on

24-01-2025T18:14:51 - [TEST_STEP][PASSED] - delay(2): Delayed 2 second(s)

24-01-2025T18:14:53 - [MESSAGE][PASSED] - Delayed 2 second(s)

24-01-2025T18:14:53 - [TEST_STEP][PASSED] - Start listener action : sampleAfterTestCase: null

24-01-2025T18:14:53 - [TEST_STEP][PASSED] - println(testCaseContext.getTestCaseId()): null

24-01-2025T18:14:53 - [TEST_STEP][PASSED] - println(testCaseContext.getTestCaseStatus()): null

24-01-2025T18:14:53 - [TEST_STEP][PASSED] - println("Test case closed"): null]]></system-out>
         <system-err><![CDATA[]]></system-err>
      </testcase>
      <system-out><![CDATA[24-01-2025T18:14:14 - [TEST_SUITE][PASSED] - New Test Suite: Test Cases/LoginPage]]></system-out>
      <system-err><![CDATA[]]></system-err>
   </testsuite>
</testsuites>
