<?xml version="1.0" encoding="UTF-8"?>
<testsuites name="New Test Suite" time="53.399" tests="2" failures="1" errors="0">
   <testsuite name="New Test Suite" tests="2" failures="1" errors="0" time="53.399" skipped="0" timestamp="07-02-2025T18:59:39" hostname="Rajesh kasture - LAPTOP-9U10MB95" id="Test Suites/New Test Suite">
      <properties>
         <property name="deviceName" value=""/>
         <property name="devicePlatform"/>
         <property name="logFolder" value="C:\\Users\\Rajesh kasture\\git\\DemoWebProject\\DemoWebProject\\Reports\\20250207_185932\\New Test Suite\\20250207_185932"/>
         <property name="logFiles" value="C:\\Users\\Rajesh kasture\\git\\DemoWebProject\\DemoWebProject\\Reports\\20250207_185932\\New Test Suite\\20250207_185932\\execution0.log"/>
         <property name="attachments" value="C:\\Users\\Rajesh kasture\\git\\DemoWebProject\\DemoWebProject\\Reports\\20250207_185932\\New Test Suite\\20250207_185932\\1738935031972.png"/>
         <property name="hostName" value="Rajesh kasture - LAPTOP-9U10MB95"/>
         <property name="os" value="Windows 11 64bit"/>
         <property name="katalonVersion" value="10.0.1.223"/>
         <property name="browser" value="Chrome 132.0.0.0"/>
         <property name="hostAddress" value="192.168.156.174"/>
         <property name="sessionId" value="b4d1a13a49e3371f8da289098d725ac4"/>
         <property name="seleniumVersion" value="4.22.0"/>
         <property name="proxyInformation" value="ProxyInformation { proxyOption=NO_PROXY, proxyServerType=HTTP, username=, password=********, proxyServerAddress=, proxyServerPort=0, executionList=&quot;&quot;, isApplyToDesiredCapabilities=true }"/>
         <property name="platform" value="Windows 11"/>
      </properties>
      <testcase name="Test Cases/LoginPage" time="24.703" classname="Test Cases/LoginPage" status="PASSED">
         <system-out><![CDATA[07-02-2025T18:59:39 - [TEST_CASE][PASSED] - Test Cases/LoginPage: Test Cases/LoginPage

07-02-2025T18:59:39 - [TEST_STEP][PASSED] - Start listener action : sampleBeforeTestCase: null

07-02-2025T18:59:39 - [TEST_STEP][PASSED] - println(testCaseContext.getTestCaseId()): null

07-02-2025T18:59:39 - [TEST_STEP][PASSED] - println(testCaseContext.getTestCaseVariables()): null

07-02-2025T18:59:39 - [TEST_STEP][PASSED] - println("Test case started"): null

07-02-2025T18:59:40 - [TEST_STEP][PASSED] - openBrowser(""): Browser is opened with url: ''

07-02-2025T18:59:41 - [MESSAGE][INFO] - Starting 'Chrome' driver

07-02-2025T18:59:41 - [MESSAGE][INFO] - Action delay is set to 0 milliseconds

07-02-2025T18:59:46 - [MESSAGE][PASSED] - Browser is opened with url: ''

07-02-2025T18:59:46 - [TEST_STEP][PASSED] - delay(2): Delayed 2 second(s)

07-02-2025T18:59:48 - [MESSAGE][PASSED] - Delayed 2 second(s)

07-02-2025T18:59:48 - [TEST_STEP][PASSED] - navigateToUrl("https://opensource-demo.orangehrmlive.com/web/index.php/auth/login"): Navigate to 'https://opensource-demo.orangehrmlive.com/web/index.php/auth/login' successfully

07-02-2025T18:59:52 - [MESSAGE][PASSED] - Navigate to 'https://opensource-demo.orangehrmlive.com/web/index.php/auth/login' successfully

07-02-2025T18:59:52 - [TEST_STEP][PASSED] - maximizeWindow(STOP_ON_FAILURE): Current window maximized

07-02-2025T18:59:53 - [MESSAGE][PASSED] - Current window maximized

07-02-2025T18:59:53 - [TEST_STEP][PASSED] - delay(2): Delayed 2 second(s)

07-02-2025T18:59:55 - [MESSAGE][PASSED] - Delayed 2 second(s)

07-02-2025T18:59:55 - [TEST_STEP][PASSED] - setText(findTestObject("LoginPage/Page_OrangeHRM/input_Username_username"), "Admin"): Text 'Admin' is set on object 'Object Repository/LoginPage/Page_OrangeHRM/input_Username_username'

07-02-2025T18:59:56 - [MESSAGE][PASSED] - Text 'Admin' is set on object 'Object Repository/LoginPage/Page_OrangeHRM/input_Username_username'

07-02-2025T18:59:56 - [TEST_STEP][PASSED] - delay(2): Delayed 2 second(s)

07-02-2025T18:59:58 - [MESSAGE][PASSED] - Delayed 2 second(s)

07-02-2025T18:59:58 - [TEST_STEP][PASSED] - setText(findTestObject("LoginPage/Page_OrangeHRM/input_Password_password"), "admin123"): Text 'admin123' is set on object 'Object Repository/LoginPage/Page_OrangeHRM/input_Password_password'

07-02-2025T18:59:59 - [MESSAGE][PASSED] - Text 'admin123' is set on object 'Object Repository/LoginPage/Page_OrangeHRM/input_Password_password'

07-02-2025T18:59:59 - [TEST_STEP][PASSED] - delay(2): Delayed 2 second(s)

07-02-2025T19:00:01 - [MESSAGE][PASSED] - Delayed 2 second(s)

07-02-2025T19:00:01 - [TEST_STEP][PASSED] - click(findTestObject("LoginPage/Page_OrangeHRM/button_Login")): Object: 'Object Repository/LoginPage/Page_OrangeHRM/button_Login' is clicked on

07-02-2025T19:00:02 - [MESSAGE][PASSED] - Object: 'Object Repository/LoginPage/Page_OrangeHRM/button_Login' is clicked on

07-02-2025T19:00:02 - [TEST_STEP][PASSED] - delay(2): Delayed 2 second(s)

07-02-2025T19:00:04 - [MESSAGE][PASSED] - Delayed 2 second(s)

07-02-2025T19:00:04 - [TEST_STEP][PASSED] - closeBrowser(STOP_ON_FAILURE): Browser is closed

07-02-2025T19:00:04 - [MESSAGE][PASSED] - Browser is closed

07-02-2025T19:00:04 - [TEST_STEP][PASSED] - Start listener action : sampleAfterTestCase: null

07-02-2025T19:00:04 - [TEST_STEP][PASSED] - println(testCaseContext.getTestCaseId()): null

07-02-2025T19:00:04 - [TEST_STEP][PASSED] - println(testCaseContext.getTestCaseStatus()): null

07-02-2025T19:00:04 - [TEST_STEP][PASSED] - println("Test case closed"): null]]></system-out>
         <system-err><![CDATA[]]></system-err>
      </testcase>
      <testcase name="Test Cases/Amezon" time="28.287" classname="Test Cases/Amezon" status="FAILED">
         <failure type="FAILED" message="Test Cases/Amezon FAILED.&#xa;Reason:&#xa;com.kms.katalon.core.exception.StepFailedException: Unable to switch to window with index: 'Samsung Galaxy M05 (Mint Green, 4GB RAM, 64 GB Storage) | 50MP Dual Camera | Bigger 6.7&quot; HD+ Display | 5000mAh Battery | 25W Fast Charging | 2 Gen OS Upgrade &amp; 4 Year Security Update | Without Charger : Amazon.in: Electronics'&#xa;	at com.kms.katalon.core.webui.keyword.internal.WebUIKeywordMain.stepFailed(WebUIKeywordMain.groovy:117)&#xa;	at com.kms.katalon.core.webui.keyword.internal.WebUIKeywordMain.runKeyword(WebUIKeywordMain.groovy:43)&#xa;	at com.kms.katalon.core.webui.keyword.builtin.SwitchToWindowIndexKeyword.switchToWindowIndex(SwitchToWindowIndexKeyword.groovy:85)&#xa;	at com.kms.katalon.core.webui.keyword.builtin.SwitchToWindowIndexKeyword.execute(SwitchToWindowIndexKeyword.groovy:67)&#xa;	at com.kms.katalon.core.keyword.internal.KeywordExecutor.executeKeywordForPlatform(KeywordExecutor.groovy:74)&#xa;	at com.kms.katalon.core.webui.keyword.WebUiBuiltInKeywords.switchToWindowIndex(WebUiBuiltInKeywords.groovy:1967)&#xa;	at Amezon.run(Amezon:40)&#xa;	at com.kms.katalon.core.main.ScriptEngine.run(ScriptEngine.java:194)&#xa;	at com.kms.katalon.core.main.ScriptEngine.runScriptAsRawText(ScriptEngine.java:119)&#xa;	at com.kms.katalon.core.main.TestCaseExecutor.runScript(TestCaseExecutor.java:448)&#xa;	at com.kms.katalon.core.main.TestCaseExecutor.doExecute(TestCaseExecutor.java:439)&#xa;	at com.kms.katalon.core.main.TestCaseExecutor.processExecutionPhase(TestCaseExecutor.java:418)&#xa;	at com.kms.katalon.core.main.TestCaseExecutor.accessMainPhase(TestCaseExecutor.java:410)&#xa;	at com.kms.katalon.core.main.TestCaseExecutor.execute(TestCaseExecutor.java:285)&#xa;	at com.kms.katalon.core.common.CommonExecutor.accessTestCaseMainPhase(CommonExecutor.java:65)&#xa;	at com.kms.katalon.core.main.TestSuiteExecutor.accessTestSuiteMainPhase(TestSuiteExecutor.java:161)&#xa;	at com.kms.katalon.core.main.TestSuiteExecutor.execute(TestSuiteExecutor.java:107)&#xa;	at com.kms.katalon.core.main.TestCaseMain.startTestSuite(TestCaseMain.java:176)&#xa;	at TempTestSuite1738934972910.run(TempTestSuite1738934972910.groovy:35)&#xa;	at java.base/jdk.internal.reflect.NativeMethodAccessorImpl.invoke0(Native Method)&#xa;	at java.base/jdk.internal.reflect.NativeMethodAccessorImpl.invoke(NativeMethodAccessorImpl.java:77)&#xa;	at java.base/jdk.internal.reflect.DelegatingMethodAccessorImpl.invoke(DelegatingMethodAccessorImpl.java:43)&#xa;Caused by: java.lang.NumberFormatException: For input string: &quot;Samsung Galaxy M05 (Mint Green, 4GB RAM, 64 GB Storage) | 50MP Dual Camera | Bigger 6.7&quot; HD+ Display | 5000mAh Battery | 25W Fast Charging | 2 Gen OS Upgrade &amp; 4 Year Security Update | Without Charger : Amazon.in: Electronics&quot;&#xa;	at com.kms.katalon.core.webui.keyword.builtin.SwitchToWindowIndexKeyword$_switchToWindowIndex_closure1.doCall(SwitchToWindowIndexKeyword.groovy:79)&#xa;	at com.kms.katalon.core.webui.keyword.builtin.SwitchToWindowIndexKeyword$_switchToWindowIndex_closure1.call(SwitchToWindowIndexKeyword.groovy)&#xa;	at com.kms.katalon.core.webui.keyword.internal.WebUIKeywordMain.runKeyword(WebUIKeywordMain.groovy:35)&#xa;	... 20 more&#xa;"/>
         <system-out><![CDATA[07-02-2025T19:00:04 - [TEST_CASE][FAILED] - Test Cases/Amezon: Test Cases/Amezon FAILED.
Reason:
com.kms.katalon.core.exception.StepFailedException: Unable to switch to window with index: 'Samsung Galaxy M05 (Mint Green, 4GB RAM, 64 GB Storage) | 50MP Dual Camera | Bigger 6.7" HD+ Display | 5000mAh Battery | 25W Fast Charging | 2 Gen OS Upgrade & 4 Year Security Update | Without Charger : Amazon.in: Electronics'
	at com.kms.katalon.core.webui.keyword.internal.WebUIKeywordMain.stepFailed(WebUIKeywordMain.groovy:117)
	at com.kms.katalon.core.webui.keyword.internal.WebUIKeywordMain.runKeyword(WebUIKeywordMain.groovy:43)
	at com.kms.katalon.core.webui.keyword.builtin.SwitchToWindowIndexKeyword.switchToWindowIndex(SwitchToWindowIndexKeyword.groovy:85)
	at com.kms.katalon.core.webui.keyword.builtin.SwitchToWindowIndexKeyword.execute(SwitchToWindowIndexKeyword.groovy:67)
	at com.kms.katalon.core.keyword.internal.KeywordExecutor.executeKeywordForPlatform(KeywordExecutor.groovy:74)
	at com.kms.katalon.core.webui.keyword.WebUiBuiltInKeywords.switchToWindowIndex(WebUiBuiltInKeywords.groovy:1967)
	at Amezon.run(Amezon:40)
	at com.kms.katalon.core.main.ScriptEngine.run(ScriptEngine.java:194)
	at com.kms.katalon.core.main.ScriptEngine.runScriptAsRawText(ScriptEngine.java:119)
	at com.kms.katalon.core.main.TestCaseExecutor.runScript(TestCaseExecutor.java:448)
	at com.kms.katalon.core.main.TestCaseExecutor.doExecute(TestCaseExecutor.java:439)
	at com.kms.katalon.core.main.TestCaseExecutor.processExecutionPhase(TestCaseExecutor.java:418)
	at com.kms.katalon.core.main.TestCaseExecutor.accessMainPhase(TestCaseExecutor.java:410)
	at com.kms.katalon.core.main.TestCaseExecutor.execute(TestCaseExecutor.java:285)
	at com.kms.katalon.core.common.CommonExecutor.accessTestCaseMainPhase(CommonExecutor.java:65)
	at com.kms.katalon.core.main.TestSuiteExecutor.accessTestSuiteMainPhase(TestSuiteExecutor.java:161)
	at com.kms.katalon.core.main.TestSuiteExecutor.execute(TestSuiteExecutor.java:107)
	at com.kms.katalon.core.main.TestCaseMain.startTestSuite(TestCaseMain.java:176)
	at TempTestSuite1738934972910.run(TempTestSuite1738934972910.groovy:35)
	at java.base/jdk.internal.reflect.NativeMethodAccessorImpl.invoke0(Native Method)
	at java.base/jdk.internal.reflect.NativeMethodAccessorImpl.invoke(NativeMethodAccessorImpl.java:77)
	at java.base/jdk.internal.reflect.DelegatingMethodAccessorImpl.invoke(DelegatingMethodAccessorImpl.java:43)
Caused by: java.lang.NumberFormatException: For input string: "Samsung Galaxy M05 (Mint Green, 4GB RAM, 64 GB Storage) | 50MP Dual Camera | Bigger 6.7" HD+ Display | 5000mAh Battery | 25W Fast Charging | 2 Gen OS Upgrade & 4 Year Security Update | Without Charger : Amazon.in: Electronics"
	at com.kms.katalon.core.webui.keyword.builtin.SwitchToWindowIndexKeyword$_switchToWindowIndex_closure1.doCall(SwitchToWindowIndexKeyword.groovy:79)
	at com.kms.katalon.core.webui.keyword.builtin.SwitchToWindowIndexKeyword$_switchToWindowIndex_closure1.call(SwitchToWindowIndexKeyword.groovy)
	at com.kms.katalon.core.webui.keyword.internal.WebUIKeywordMain.runKeyword(WebUIKeywordMain.groovy:35)
	... 20 more


07-02-2025T19:00:04 - [TEST_STEP][PASSED] - Start listener action : sampleBeforeTestCase: null

07-02-2025T19:00:04 - [TEST_STEP][PASSED] - println(testCaseContext.getTestCaseId()): null

07-02-2025T19:00:04 - [TEST_STEP][PASSED] - println(testCaseContext.getTestCaseVariables()): null

07-02-2025T19:00:04 - [TEST_STEP][PASSED] - println("Test case started"): null

07-02-2025T19:00:04 - [TEST_STEP][PASSED] - openBrowser(""): Browser is opened with url: ''

07-02-2025T19:00:04 - [MESSAGE][INFO] - Starting 'Chrome' driver

07-02-2025T19:00:04 - [MESSAGE][INFO] - Action delay is set to 0 milliseconds

07-02-2025T19:00:07 - [MESSAGE][PASSED] - Browser is opened with url: ''

07-02-2025T19:00:07 - [TEST_STEP][PASSED] - delay(2): Delayed 2 second(s)

07-02-2025T19:00:09 - [MESSAGE][PASSED] - Delayed 2 second(s)

07-02-2025T19:00:09 - [TEST_STEP][PASSED] - navigateToUrl("https://www.amazon.in/"): Navigate to 'https://www.amazon.in/' successfully

07-02-2025T19:00:12 - [MESSAGE][PASSED] - Navigate to 'https://www.amazon.in/' successfully

07-02-2025T19:00:12 - [TEST_STEP][PASSED] - delay(2): Delayed 2 second(s)

07-02-2025T19:00:14 - [MESSAGE][PASSED] - Delayed 2 second(s)

07-02-2025T19:00:14 - [TEST_STEP][PASSED] - enhancedClick(findTestObject("Object Repository/Amezon/Page_Online Shopping site in India Shop Onl_10c5f3/a_Mobiles")): Object: 'Object Repository/Amezon/Page_Online Shopping site in India Shop Onl_10c5f3/a_Mobiles' is clicked on

07-02-2025T19:00:20 - [MESSAGE][PASSED] - Object: 'Object Repository/Amezon/Page_Online Shopping site in India Shop Onl_10c5f3/a_Mobiles' is clicked on

07-02-2025T19:00:20 - [TEST_STEP][PASSED] - delay(2): Delayed 2 second(s)

07-02-2025T19:00:22 - [MESSAGE][PASSED] - Delayed 2 second(s)

07-02-2025T19:00:22 - [TEST_STEP][PASSED] - click(findTestObject("Object Repository/Amezon/Page_Mobile Phones Buy New Mobiles Online a_11ca6d/i_Delivery Day_a-icon a-icon-checkbox")): Object: 'Object Repository/Amezon/Page_Mobile Phones Buy New Mobiles Online a_11ca6d/i_Delivery Day_a-icon a-icon-checkbox' is clicked on

07-02-2025T19:00:26 - [MESSAGE][PASSED] - Object: 'Object Repository/Amezon/Page_Mobile Phones Buy New Mobiles Online a_11ca6d/i_Delivery Day_a-icon a-icon-checkbox' is clicked on

07-02-2025T19:00:26 - [TEST_STEP][PASSED] - delay(2): Delayed 2 second(s)

07-02-2025T19:00:28 - [MESSAGE][PASSED] - Delayed 2 second(s)

07-02-2025T19:00:28 - [TEST_STEP][PASSED] - click(findTestObject("Object Repository/Amezon/Page_Amazon.in/h2_Samsung Galaxy M05 (Mint Green, 4GB RAM,_a1ed84")): Object: 'Object Repository/Amezon/Page_Amazon.in/h2_Samsung Galaxy M05 (Mint Green, 4GB RAM,_a1ed84' is clicked on

07-02-2025T19:00:29 - [MESSAGE][PASSED] - Object: 'Object Repository/Amezon/Page_Amazon.in/h2_Samsung Galaxy M05 (Mint Green, 4GB RAM,_a1ed84' is clicked on

07-02-2025T19:00:29 - [TEST_STEP][PASSED] - delay(2): Delayed 2 second(s)

07-02-2025T19:00:31 - [MESSAGE][PASSED] - Delayed 2 second(s)

07-02-2025T19:00:31 - [TEST_STEP][FAILED] - switchToWindowIndex("Samsung Galaxy M05 (Mint Green, 4GB RAM, 64 GB Storage) | 50MP Dual Camera | Bigger 6.7" HD+ Display | 5000mAh Battery | 25W Fast Charging | 2 Gen OS Upgrade & 4 Year Security Update | Without Charger : Amazon.in: Electronics"): Unable to switch to window with index: 'Samsung Galaxy M05 (Mint Green, 4GB RAM, 64 GB Storage) | 50MP Dual Camera | Bigger 6.7" HD+ Display | 5000mAh Battery | 25W Fast Charging | 2 Gen OS Upgrade & 4 Year Security Update | Without Charger : Amazon.in: Electronics' (Root cause: com.kms.katalon.core.exception.StepFailedException: Unable to switch to window with index: 'Samsung Galaxy M05 (Mint Green, 4GB RAM, 64 GB Storage) | 50MP Dual Camera | Bigger 6.7" HD+ Display | 5000mAh Battery | 25W Fast Charging | 2 Gen OS Upgrade & 4 Year Security Update | Without Charger : Amazon.in: Electronics'
	at com.kms.katalon.core.webui.keyword.internal.WebUIKeywordMain.stepFailed(WebUIKeywordMain.groovy:117)
	at com.kms.katalon.core.webui.keyword.internal.WebUIKeywordMain.runKeyword(WebUIKeywordMain.groovy:43)
	at com.kms.katalon.core.webui.keyword.builtin.SwitchToWindowIndexKeyword.switchToWindowIndex(SwitchToWindowIndexKeyword.groovy:85)
	at com.kms.katalon.core.webui.keyword.builtin.SwitchToWindowIndexKeyword.execute(SwitchToWindowIndexKeyword.groovy:67)
	at com.kms.katalon.core.keyword.internal.KeywordExecutor.executeKeywordForPlatform(KeywordExecutor.groovy:74)
	at com.kms.katalon.core.webui.keyword.WebUiBuiltInKeywords.switchToWindowIndex(WebUiBuiltInKeywords.groovy:1967)
	at Amezon.run(Amezon:40)
	at com.kms.katalon.core.main.ScriptEngine.run(ScriptEngine.java:194)
	at com.kms.katalon.core.main.ScriptEngine.runScriptAsRawText(ScriptEngine.java:119)
	at com.kms.katalon.core.main.TestCaseExecutor.runScript(TestCaseExecutor.java:448)
	at com.kms.katalon.core.main.TestCaseExecutor.doExecute(TestCaseExecutor.java:439)
	at com.kms.katalon.core.main.TestCaseExecutor.processExecutionPhase(TestCaseExecutor.java:418)
	at com.kms.katalon.core.main.TestCaseExecutor.accessMainPhase(TestCaseExecutor.java:410)
	at com.kms.katalon.core.main.TestCaseExecutor.execute(TestCaseExecutor.java:285)
	at com.kms.katalon.core.common.CommonExecutor.accessTestCaseMainPhase(CommonExecutor.java:65)
	at com.kms.katalon.core.main.TestSuiteExecutor.accessTestSuiteMainPhase(TestSuiteExecutor.java:161)
	at com.kms.katalon.core.main.TestSuiteExecutor.execute(TestSuiteExecutor.java:107)
	at com.kms.katalon.core.main.TestCaseMain.startTestSuite(TestCaseMain.java:176)
	at TempTestSuite1738934972910.run(TempTestSuite1738934972910.groovy:35)
	at java.base/jdk.internal.reflect.NativeMethodAccessorImpl.invoke0(Native Method)
	at java.base/jdk.internal.reflect.NativeMethodAccessorImpl.invoke(NativeMethodAccessorImpl.java:77)
	at java.base/jdk.internal.reflect.DelegatingMethodAccessorImpl.invoke(DelegatingMethodAccessorImpl.java:43)
Caused by: java.lang.NumberFormatException: For input string: "Samsung Galaxy M05 (Mint Green, 4GB RAM, 64 GB Storage) | 50MP Dual Camera | Bigger 6.7" HD+ Display | 5000mAh Battery | 25W Fast Charging | 2 Gen OS Upgrade & 4 Year Security Update | Without Charger : Amazon.in: Electronics"
	at com.kms.katalon.core.webui.keyword.builtin.SwitchToWindowIndexKeyword$_switchToWindowIndex_closure1.doCall(SwitchToWindowIndexKeyword.groovy:79)
	at com.kms.katalon.core.webui.keyword.builtin.SwitchToWindowIndexKeyword$_switchToWindowIndex_closure1.call(SwitchToWindowIndexKeyword.groovy)
	at com.kms.katalon.core.webui.keyword.internal.WebUIKeywordMain.runKeyword(WebUIKeywordMain.groovy:35)
	at com.kms.katalon.core.webui.keyword.builtin.SwitchToWindowIndexKeyword.switchToWindowIndex(SwitchToWindowIndexKeyword.groovy:85)
	at com.kms.katalon.core.webui.keyword.builtin.SwitchToWindowIndexKeyword.execute(SwitchToWindowIndexKeyword.groovy:67)
	at com.kms.katalon.core.keyword.internal.KeywordExecutor.executeKeywordForPlatform(KeywordExecutor.groovy:74)
	at com.kms.katalon.core.webui.keyword.WebUiBuiltInKeywords.switchToWindowIndex(WebUiBuiltInKeywords.groovy:1967)
	at Script1738650550285.run(Script1738650550285.groovy:40)
	... 15 more
)

07-02-2025T19:00:32 - [MESSAGE][FAILED] - Unable to switch to window with index: 'Samsung Galaxy M05 (Mint Green, 4GB RAM, 64 GB Storage) | 50MP Dual Camera | Bigger 6.7" HD+ Display | 5000mAh Battery | 25W Fast Charging | 2 Gen OS Upgrade & 4 Year Security Update | Without Charger : Amazon.in: Electronics' (Root cause: com.kms.katalon.core.exception.StepFailedException: Unable to switch to window with index: 'Samsung Galaxy M05 (Mint Green, 4GB RAM, 64 GB Storage) | 50MP Dual Camera | Bigger 6.7" HD+ Display | 5000mAh Battery | 25W Fast Charging | 2 Gen OS Upgrade & 4 Year Security Update | Without Charger : Amazon.in: Electronics'
	at com.kms.katalon.core.webui.keyword.internal.WebUIKeywordMain.stepFailed(WebUIKeywordMain.groovy:117)
	at com.kms.katalon.core.webui.keyword.internal.WebUIKeywordMain.runKeyword(WebUIKeywordMain.groovy:43)
	at com.kms.katalon.core.webui.keyword.builtin.SwitchToWindowIndexKeyword.switchToWindowIndex(SwitchToWindowIndexKeyword.groovy:85)
	at com.kms.katalon.core.webui.keyword.builtin.SwitchToWindowIndexKeyword.execute(SwitchToWindowIndexKeyword.groovy:67)
	at com.kms.katalon.core.keyword.internal.KeywordExecutor.executeKeywordForPlatform(KeywordExecutor.groovy:74)
	at com.kms.katalon.core.webui.keyword.WebUiBuiltInKeywords.switchToWindowIndex(WebUiBuiltInKeywords.groovy:1967)
	at Amezon.run(Amezon:40)
	at com.kms.katalon.core.main.ScriptEngine.run(ScriptEngine.java:194)
	at com.kms.katalon.core.main.ScriptEngine.runScriptAsRawText(ScriptEngine.java:119)
	at com.kms.katalon.core.main.TestCaseExecutor.runScript(TestCaseExecutor.java:448)
	at com.kms.katalon.core.main.TestCaseExecutor.doExecute(TestCaseExecutor.java:439)
	at com.kms.katalon.core.main.TestCaseExecutor.processExecutionPhase(TestCaseExecutor.java:418)
	at com.kms.katalon.core.main.TestCaseExecutor.accessMainPhase(TestCaseExecutor.java:410)
	at com.kms.katalon.core.main.TestCaseExecutor.execute(TestCaseExecutor.java:285)
	at com.kms.katalon.core.common.CommonExecutor.accessTestCaseMainPhase(CommonExecutor.java:65)
	at com.kms.katalon.core.main.TestSuiteExecutor.accessTestSuiteMainPhase(TestSuiteExecutor.java:161)
	at com.kms.katalon.core.main.TestSuiteExecutor.execute(TestSuiteExecutor.java:107)
	at com.kms.katalon.core.main.TestCaseMain.startTestSuite(TestCaseMain.java:176)
	at TempTestSuite1738934972910.run(TempTestSuite1738934972910.groovy:35)
	at java.base/jdk.internal.reflect.NativeMethodAccessorImpl.invoke0(Native Method)
	at java.base/jdk.internal.reflect.NativeMethodAccessorImpl.invoke(NativeMethodAccessorImpl.java:77)
	at java.base/jdk.internal.reflect.DelegatingMethodAccessorImpl.invoke(DelegatingMethodAccessorImpl.java:43)
Caused by: java.lang.NumberFormatException: For input string: "Samsung Galaxy M05 (Mint Green, 4GB RAM, 64 GB Storage) | 50MP Dual Camera | Bigger 6.7" HD+ Display | 5000mAh Battery | 25W Fast Charging | 2 Gen OS Upgrade & 4 Year Security Update | Without Charger : Amazon.in: Electronics"
	at com.kms.katalon.core.webui.keyword.builtin.SwitchToWindowIndexKeyword$_switchToWindowIndex_closure1.doCall(SwitchToWindowIndexKeyword.groovy:79)
	at com.kms.katalon.core.webui.keyword.builtin.SwitchToWindowIndexKeyword$_switchToWindowIndex_closure1.call(SwitchToWindowIndexKeyword.groovy)
	at com.kms.katalon.core.webui.keyword.internal.WebUIKeywordMain.runKeyword(WebUIKeywordMain.groovy:35)
	at com.kms.katalon.core.webui.keyword.builtin.SwitchToWindowIndexKeyword.switchToWindowIndex(SwitchToWindowIndexKeyword.groovy:85)
	at com.kms.katalon.core.webui.keyword.builtin.SwitchToWindowIndexKeyword.execute(SwitchToWindowIndexKeyword.groovy:67)
	at com.kms.katalon.core.keyword.internal.KeywordExecutor.executeKeywordForPlatform(KeywordExecutor.groovy:74)
	at com.kms.katalon.core.webui.keyword.WebUiBuiltInKeywords.switchToWindowIndex(WebUiBuiltInKeywords.groovy:1967)
	at Script1738650550285.run(Script1738650550285.groovy:40)
	... 15 more
)
[[ATTACHMENT|C:\\Users\\Rajesh kasture\\git\\DemoWebProject\\DemoWebProject\\Reports\\20250207_185932\\New Test Suite\\20250207_185932\\1738935031972.png]]

07-02-2025T19:00:32 - [TEST_STEP][PASSED] - Start listener action : sampleAfterTestCase: null

07-02-2025T19:00:32 - [TEST_STEP][PASSED] - println(testCaseContext.getTestCaseId()): null

07-02-2025T19:00:32 - [TEST_STEP][PASSED] - println(testCaseContext.getTestCaseStatus()): null

07-02-2025T19:00:32 - [TEST_STEP][PASSED] - println("Test case closed"): null]]></system-out>
         <system-err><![CDATA[07-02-2025T19:00:04 - [TEST_CASE][FAILED] - Test Cases/Amezon: Test Cases/Amezon FAILED.
Reason:
com.kms.katalon.core.exception.StepFailedException: Unable to switch to window with index: 'Samsung Galaxy M05 (Mint Green, 4GB RAM, 64 GB Storage) | 50MP Dual Camera | Bigger 6.7" HD+ Display | 5000mAh Battery | 25W Fast Charging | 2 Gen OS Upgrade & 4 Year Security Update | Without Charger : Amazon.in: Electronics'
	at com.kms.katalon.core.webui.keyword.internal.WebUIKeywordMain.stepFailed(WebUIKeywordMain.groovy:117)
	at com.kms.katalon.core.webui.keyword.internal.WebUIKeywordMain.runKeyword(WebUIKeywordMain.groovy:43)
	at com.kms.katalon.core.webui.keyword.builtin.SwitchToWindowIndexKeyword.switchToWindowIndex(SwitchToWindowIndexKeyword.groovy:85)
	at com.kms.katalon.core.webui.keyword.builtin.SwitchToWindowIndexKeyword.execute(SwitchToWindowIndexKeyword.groovy:67)
	at com.kms.katalon.core.keyword.internal.KeywordExecutor.executeKeywordForPlatform(KeywordExecutor.groovy:74)
	at com.kms.katalon.core.webui.keyword.WebUiBuiltInKeywords.switchToWindowIndex(WebUiBuiltInKeywords.groovy:1967)
	at Amezon.run(Amezon:40)
	at com.kms.katalon.core.main.ScriptEngine.run(ScriptEngine.java:194)
	at com.kms.katalon.core.main.ScriptEngine.runScriptAsRawText(ScriptEngine.java:119)
	at com.kms.katalon.core.main.TestCaseExecutor.runScript(TestCaseExecutor.java:448)
	at com.kms.katalon.core.main.TestCaseExecutor.doExecute(TestCaseExecutor.java:439)
	at com.kms.katalon.core.main.TestCaseExecutor.processExecutionPhase(TestCaseExecutor.java:418)
	at com.kms.katalon.core.main.TestCaseExecutor.accessMainPhase(TestCaseExecutor.java:410)
	at com.kms.katalon.core.main.TestCaseExecutor.execute(TestCaseExecutor.java:285)
	at com.kms.katalon.core.common.CommonExecutor.accessTestCaseMainPhase(CommonExecutor.java:65)
	at com.kms.katalon.core.main.TestSuiteExecutor.accessTestSuiteMainPhase(TestSuiteExecutor.java:161)
	at com.kms.katalon.core.main.TestSuiteExecutor.execute(TestSuiteExecutor.java:107)
	at com.kms.katalon.core.main.TestCaseMain.startTestSuite(TestCaseMain.java:176)
	at TempTestSuite1738934972910.run(TempTestSuite1738934972910.groovy:35)
	at java.base/jdk.internal.reflect.NativeMethodAccessorImpl.invoke0(Native Method)
	at java.base/jdk.internal.reflect.NativeMethodAccessorImpl.invoke(NativeMethodAccessorImpl.java:77)
	at java.base/jdk.internal.reflect.DelegatingMethodAccessorImpl.invoke(DelegatingMethodAccessorImpl.java:43)
Caused by: java.lang.NumberFormatException: For input string: "Samsung Galaxy M05 (Mint Green, 4GB RAM, 64 GB Storage) | 50MP Dual Camera | Bigger 6.7" HD+ Display | 5000mAh Battery | 25W Fast Charging | 2 Gen OS Upgrade & 4 Year Security Update | Without Charger : Amazon.in: Electronics"
	at com.kms.katalon.core.webui.keyword.builtin.SwitchToWindowIndexKeyword$_switchToWindowIndex_closure1.doCall(SwitchToWindowIndexKeyword.groovy:79)
	at com.kms.katalon.core.webui.keyword.builtin.SwitchToWindowIndexKeyword$_switchToWindowIndex_closure1.call(SwitchToWindowIndexKeyword.groovy)
	at com.kms.katalon.core.webui.keyword.internal.WebUIKeywordMain.runKeyword(WebUIKeywordMain.groovy:35)
	... 20 more]]></system-err>
      </testcase>
      <system-out><![CDATA[07-02-2025T18:59:39 - [TEST_SUITE][FAILED] - New Test Suite: Test Cases/Amezon FAILED.
Reason:
com.kms.katalon.core.exception.StepFailedException: Unable to switch to window with index: 'Samsung Galaxy M05 (Mint Green, 4GB RAM, 64 GB Storage) | 50MP Dual Camera | Bigger 6.7" HD+ Display | 5000mAh Battery | 25W Fast Charging | 2 Gen OS Upgrade & 4 Year Security Update | Without Charger : Amazon.in: Electronics'
	at com.kms.katalon.core.webui.keyword.internal.WebUIKeywordMain.stepFailed(WebUIKeywordMain.groovy:117)
	at com.kms.katalon.core.webui.keyword.internal.WebUIKeywordMain.runKeyword(WebUIKeywordMain.groovy:43)
	at com.kms.katalon.core.webui.keyword.builtin.SwitchToWindowIndexKeyword.switchToWindowIndex(SwitchToWindowIndexKeyword.groovy:85)
	at com.kms.katalon.core.webui.keyword.builtin.SwitchToWindowIndexKeyword.execute(SwitchToWindowIndexKeyword.groovy:67)
	at com.kms.katalon.core.keyword.internal.KeywordExecutor.executeKeywordForPlatform(KeywordExecutor.groovy:74)
	at com.kms.katalon.core.webui.keyword.WebUiBuiltInKeywords.switchToWindowIndex(WebUiBuiltInKeywords.groovy:1967)
	at Amezon.run(Amezon:40)
	at com.kms.katalon.core.main.ScriptEngine.run(ScriptEngine.java:194)
	at com.kms.katalon.core.main.ScriptEngine.runScriptAsRawText(ScriptEngine.java:119)
	at com.kms.katalon.core.main.TestCaseExecutor.runScript(TestCaseExecutor.java:448)
	at com.kms.katalon.core.main.TestCaseExecutor.doExecute(TestCaseExecutor.java:439)
	at com.kms.katalon.core.main.TestCaseExecutor.processExecutionPhase(TestCaseExecutor.java:418)
	at com.kms.katalon.core.main.TestCaseExecutor.accessMainPhase(TestCaseExecutor.java:410)
	at com.kms.katalon.core.main.TestCaseExecutor.execute(TestCaseExecutor.java:285)
	at com.kms.katalon.core.common.CommonExecutor.accessTestCaseMainPhase(CommonExecutor.java:65)
	at com.kms.katalon.core.main.TestSuiteExecutor.accessTestSuiteMainPhase(TestSuiteExecutor.java:161)
	at com.kms.katalon.core.main.TestSuiteExecutor.execute(TestSuiteExecutor.java:107)
	at com.kms.katalon.core.main.TestCaseMain.startTestSuite(TestCaseMain.java:176)
	at TempTestSuite1738934972910.run(TempTestSuite1738934972910.groovy:35)
	at java.base/jdk.internal.reflect.NativeMethodAccessorImpl.invoke0(Native Method)
	at java.base/jdk.internal.reflect.NativeMethodAccessorImpl.invoke(NativeMethodAccessorImpl.java:77)
	at java.base/jdk.internal.reflect.DelegatingMethodAccessorImpl.invoke(DelegatingMethodAccessorImpl.java:43)
Caused by: java.lang.NumberFormatException: For input string: "Samsung Galaxy M05 (Mint Green, 4GB RAM, 64 GB Storage) | 50MP Dual Camera | Bigger 6.7" HD+ Display | 5000mAh Battery | 25W Fast Charging | 2 Gen OS Upgrade & 4 Year Security Update | Without Charger : Amazon.in: Electronics"
	at com.kms.katalon.core.webui.keyword.builtin.SwitchToWindowIndexKeyword$_switchToWindowIndex_closure1.doCall(SwitchToWindowIndexKeyword.groovy:79)
	at com.kms.katalon.core.webui.keyword.builtin.SwitchToWindowIndexKeyword$_switchToWindowIndex_closure1.call(SwitchToWindowIndexKeyword.groovy)
	at com.kms.katalon.core.webui.keyword.internal.WebUIKeywordMain.runKeyword(WebUIKeywordMain.groovy:35)
	... 20 more]]></system-out>
      <system-err><![CDATA[07-02-2025T18:59:39 - [TEST_SUITE][FAILED] - New Test Suite: Test Cases/Amezon FAILED.
Reason:
com.kms.katalon.core.exception.StepFailedException: Unable to switch to window with index: 'Samsung Galaxy M05 (Mint Green, 4GB RAM, 64 GB Storage) | 50MP Dual Camera | Bigger 6.7" HD+ Display | 5000mAh Battery | 25W Fast Charging | 2 Gen OS Upgrade & 4 Year Security Update | Without Charger : Amazon.in: Electronics'
	at com.kms.katalon.core.webui.keyword.internal.WebUIKeywordMain.stepFailed(WebUIKeywordMain.groovy:117)
	at com.kms.katalon.core.webui.keyword.internal.WebUIKeywordMain.runKeyword(WebUIKeywordMain.groovy:43)
	at com.kms.katalon.core.webui.keyword.builtin.SwitchToWindowIndexKeyword.switchToWindowIndex(SwitchToWindowIndexKeyword.groovy:85)
	at com.kms.katalon.core.webui.keyword.builtin.SwitchToWindowIndexKeyword.execute(SwitchToWindowIndexKeyword.groovy:67)
	at com.kms.katalon.core.keyword.internal.KeywordExecutor.executeKeywordForPlatform(KeywordExecutor.groovy:74)
	at com.kms.katalon.core.webui.keyword.WebUiBuiltInKeywords.switchToWindowIndex(WebUiBuiltInKeywords.groovy:1967)
	at Amezon.run(Amezon:40)
	at com.kms.katalon.core.main.ScriptEngine.run(ScriptEngine.java:194)
	at com.kms.katalon.core.main.ScriptEngine.runScriptAsRawText(ScriptEngine.java:119)
	at com.kms.katalon.core.main.TestCaseExecutor.runScript(TestCaseExecutor.java:448)
	at com.kms.katalon.core.main.TestCaseExecutor.doExecute(TestCaseExecutor.java:439)
	at com.kms.katalon.core.main.TestCaseExecutor.processExecutionPhase(TestCaseExecutor.java:418)
	at com.kms.katalon.core.main.TestCaseExecutor.accessMainPhase(TestCaseExecutor.java:410)
	at com.kms.katalon.core.main.TestCaseExecutor.execute(TestCaseExecutor.java:285)
	at com.kms.katalon.core.common.CommonExecutor.accessTestCaseMainPhase(CommonExecutor.java:65)
	at com.kms.katalon.core.main.TestSuiteExecutor.accessTestSuiteMainPhase(TestSuiteExecutor.java:161)
	at com.kms.katalon.core.main.TestSuiteExecutor.execute(TestSuiteExecutor.java:107)
	at com.kms.katalon.core.main.TestCaseMain.startTestSuite(TestCaseMain.java:176)
	at TempTestSuite1738934972910.run(TempTestSuite1738934972910.groovy:35)
	at java.base/jdk.internal.reflect.NativeMethodAccessorImpl.invoke0(Native Method)
	at java.base/jdk.internal.reflect.NativeMethodAccessorImpl.invoke(NativeMethodAccessorImpl.java:77)
	at java.base/jdk.internal.reflect.DelegatingMethodAccessorImpl.invoke(DelegatingMethodAccessorImpl.java:43)
Caused by: java.lang.NumberFormatException: For input string: "Samsung Galaxy M05 (Mint Green, 4GB RAM, 64 GB Storage) | 50MP Dual Camera | Bigger 6.7" HD+ Display | 5000mAh Battery | 25W Fast Charging | 2 Gen OS Upgrade & 4 Year Security Update | Without Charger : Amazon.in: Electronics"
	at com.kms.katalon.core.webui.keyword.builtin.SwitchToWindowIndexKeyword$_switchToWindowIndex_closure1.doCall(SwitchToWindowIndexKeyword.groovy:79)
	at com.kms.katalon.core.webui.keyword.builtin.SwitchToWindowIndexKeyword$_switchToWindowIndex_closure1.call(SwitchToWindowIndexKeyword.groovy)
	at com.kms.katalon.core.webui.keyword.internal.WebUIKeywordMain.runKeyword(WebUIKeywordMain.groovy:35)
	... 20 more]]></system-err>
   </testsuite>
</testsuites>
